Xvesa.tcz
aterm.tcz
flwm_topside.tcz
flwm.tcz
wbar.tcz
icewm.tcz
jwm.tcz
fluxbox.tcz
hackedbox.tcz
openbox.tcz
tc-install-GUI.tcz
kmaps.tcz
wifi.tcz
iw.tcz
firmware-atheros.tcz
firmware-ipw2100.tcz
firmware-ipw2200.tcz
firmware-iwimax.tcz
firmware-iwl8000.tcz
firmware-iwl9000.tcz
firmware-iwlwifi.tcz
firmware-marvel.tcz
firmware-myri10ge.tcz
firmware-netxen.tcz
firmware-openfwwf.tcz
firmware-ralinkwifi.tcz
firmware-rtlwifi.tcz
firmware-ti-connectivity.tcz
firmware-ueagle-atm.tcz
firmware-vxge.tcz
firmware-zd1211.tcz
pci-utils.tcz
firmware-chelsio.tcz
firmware-intel_e100.tcz
firmware-rtl_nic.tcz
firmware-tigon.tcz
ezremaster.tcz
firmware-amd-ucode.tcz
